:run
SIZE? 11
INIT POP 0,1 END=2
ROW 1? 2

ROW 2? 2

ROW 3? 2

ROW 4? 0
? 0
? 0
? 0
? 1
? 1
? 1
? 2

ROW 5? 2

ROW 6? 0
? 0
? 0
? 0
? 1
? 1
? 1
? 1
? 2

ROW 7? 2

ROW 8? 2

ROW 9? 2

ROW 10? 2

ROW 11? 2

GENS ? 4

GEN 0
POP= 7
-----------
-----------
-----------
----###----
-----------
----####---
-----------
-----------
-----------
-----------
-----------

GEN 1
POP= 7
-----------
-----------
-----#-----
-----#-----
-------#---
-----##----
-----##----
-----------
-----------
-----------
-----------

GEN 2
POP= 6
-----------
-----------
-----------
------#----
-----#-----
-----#-#---
-----##----
-----------
-----------
-----------
-----------

GEN 3
POP= 5
-----------
-----------
-----------
-----------
-----#-----
----##-----
-----##----
-----------
-----------
-----------
-----------

GEN 4
POP= 6
-----------
-----------
-----------
-----------
----##-----
----#------
----###----
-----------
-----------
-----------
-----------

